<?xml version="1.0" encoding="UTF-8"?>
<!-- Generated by org.testng.reporters.JUnitReportReporter -->
<testsuite hostname="DESKTOP-OUM1F6T" failures="0" tests="1" name="tests.Veterinarians" time="0.808" errors="0" timestamp="2024-11-11T22:45:04 CET" skipped="0">
  <testcase classname="tests.Veterinarians" name="testListVeterinarians" time="0.808"/>
  <system-out/>
</testsuite> <!-- tests.Veterinarians -->
