<?xml version="1.0" encoding="UTF-8"?>
<!-- Generated by org.testng.reporters.JUnitReportReporter -->
<testsuite hostname="DESKTOP-OUM1F6T" failures="0" tests="1" name="tests.OwnerApiTest" time="1.543" errors="0" timestamp="2024-11-11T23:08:55 CET" skipped="0">
  <testcase classname="tests.OwnerApiTest" name="testGetOwner" time="1.543"/>
  <system-out/>
</testsuite> <!-- tests.OwnerApiTest -->
