<?xml version="1.0" encoding="UTF-8"?>
<!-- Generated by org.testng.reporters.JUnitReportReporter -->
<testsuite hostname="DESKTOP-OUM1F6T" failures="0" tests="3" name="tests.OwnersApiTest" time="1.706" errors="0" timestamp="2024-11-11T23:22:36 CET" skipped="0">
  <testcase classname="tests.OwnersApiTest" name="testGetOwner" time="0.499"/>
  <system-out/>
  <testcase classname="tests.OwnersApiTest" name="testAddOwner" time="1.152"/>
  <system-out/>
  <testcase classname="tests.OwnersApiTest" name="testListOwners" time="0.055"/>
  <system-out/>
</testsuite> <!-- tests.OwnersApiTest -->
