<?xml version="1.0" encoding="UTF-8"?>
<!-- Generated by org.testng.reporters.JUnitReportReporter -->
<testsuite hostname="DESKTOP-OUM1F6T" failures="0" tests="3" name="tests.OwnersApiTest" time="2.088" errors="0" timestamp="2024-11-13T16:19:48 CET" skipped="0">
  <testcase classname="tests.OwnersApiTest" name="testGetOwner" time="0.498"/>
  <system-out/>
  <testcase classname="tests.OwnersApiTest" name="testAddOwner" time="1.541"/>
  <system-out/>
  <testcase classname="tests.OwnersApiTest" name="testListOwners" time="0.049"/>
  <system-out/>
</testsuite> <!-- tests.OwnersApiTest -->
