<?xml version="1.0" encoding="UTF-8"?>
<!-- Generated by org.testng.reporters.JUnitReportReporter -->
<testsuite hostname="DESKTOP-OUM1F6T" failures="0" tests="1" name="tests.VetsApiTest" time="1.734" errors="0" timestamp="2024-11-13T16:19:48 CET" skipped="0">
  <testcase classname="tests.VetsApiTest" name="testListVeterinarians" time="1.734"/>
  <system-out/>
</testsuite> <!-- tests.VetsApiTest -->
